#! /usr/local/bin/vvp
:ivl_version "10.2 (stable)" "(v10_2-79-g4914f83a)";
:ivl_delay_selection "TYPICAL";
:vpi_time_precision + 0;
:vpi_module "system";
:vpi_module "vhdl_sys";
:vpi_module "v2005_math";
:vpi_module "va_math";
S_0x7f8fb9404b60 .scope module, "testbench" "testbench" 2 11;
 .timescale 0 0;
v0x7f8fb9415070_0 .var "X", 0 0;
v0x7f8fb9415110_0 .var "Y", 0 0;
v0x7f8fb94151c0_0 .net "Z", 0 0, v0x7f8fb9414f70_0;  1 drivers
S_0x7f8fb9404cc0 .scope module, "inst_1" "prim_or" 2 13, 2 1 0, S_0x7f8fb9404b60;
 .timescale 0 0;
    .port_info 0 /INPUT 1 "A"
    .port_info 1 /INPUT 1 "B"
    .port_info 2 /OUTPUT 1 "C"
v0x7f8fb9404e70_0 .net "A", 0 0, v0x7f8fb9415070_0;  1 drivers
v0x7f8fb9414ed0_0 .net "B", 0 0, v0x7f8fb9415110_0;  1 drivers
v0x7f8fb9414f70_0 .var "C", 0 0;
E_0x7f8fb9404790 .event edge, v0x7f8fb9404e70_0;
    .scope S_0x7f8fb9404cc0;
T_0 ;
    %wait E_0x7f8fb9404790;
    %load/vec4 v0x7f8fb9404e70_0;
    %load/vec4 v0x7f8fb9414ed0_0;
    %or;
    %assign/vec4 v0x7f8fb9414f70_0, 0;
    %jmp T_0;
    .thread T_0, $push;
    .scope S_0x7f8fb9404b60;
T_1 ;
    %vpi_call 2 16 "$display", "OR Gate" {0 0 0};
    %vpi_call 2 17 "$monitor", $time, "X=%b,Y=%b,Z=%b", v0x7f8fb9415070_0, v0x7f8fb9415110_0, v0x7f8fb94151c0_0 {0 0 0};
    %delay 5, 0;
    %pushi/vec4 0, 0, 1;
    %store/vec4 v0x7f8fb9415070_0, 0, 1;
    %pushi/vec4 0, 0, 1;
    %store/vec4 v0x7f8fb9415110_0, 0, 1;
    %delay 5, 0;
    %pushi/vec4 1, 0, 1;
    %store/vec4 v0x7f8fb9415110_0, 0, 1;
    %delay 5, 0;
    %pushi/vec4 1, 0, 1;
    %store/vec4 v0x7f8fb9415070_0, 0, 1;
    %pushi/vec4 0, 0, 1;
    %store/vec4 v0x7f8fb9415110_0, 0, 1;
    %delay 5, 0;
    %pushi/vec4 1, 0, 1;
    %store/vec4 v0x7f8fb9415110_0, 0, 1;
    %delay 5, 0;
    %vpi_call 2 22 "$finish" {0 0 0};
    %end;
    .thread T_1;
# The file index is used to find the file name in the following table.
:file_names 3;
    "N/A";
    "<interactive>";
    "prim_or_tb.v";
